# JRE version: OpenJDK Runtime Environment Temurin-17.0.15+6 (17.0.15+6) (build 17.0.15+6)
# Java VM: OpenJDK 64-Bit Server VM Temurin-17.0.15+6 (17.0.15+6, mixed mode, sharing, tiered, compressed oops, compressed class ptrs, g1 gc, windows-amd64)
GC Precious Log:
 CPUs: 8 total, 8 available
 Memory: 16276M
 Large Page Support: Disabled
 NUMA Support: Disabled
 Compressed Oops: Enabled (32-bit)
 Heap Region Size: 1M
 Heap Min Capacity: 8M
 Heap Initial Capacity: 256M
 Heap Max Capacity: 1G
 Pre-touch: Disabled
 Parallel Workers: 8
 Concurrent Workers: 2
 Concurrent Refinement Workers: 8
 Periodic GC: Disabled
Heap:
 garbage-first heap   total 301056K, used 197783K [0x00000000c0000000, 0x0000000100000000)
  region size 1024K, 7 young (7168K), 7 survivors (7168K)
 Metaspace       used 49466K, committed 50048K, reserved 1114112K
  class space    used 6915K, committed 7168K, reserved 1048576K
GC Heap History (20 events):
Event: 20.196 GC heap after
{Heap after GC invocations=59 (full 0):
 garbage-first heap   total 167936K, used 88255K [0x00000000c0000000, 0x0000000100000000)
  region size 1024K, 6 young (6144K), 6 survivors (6144K)
 Metaspace       used 49105K, committed 49664K, reserved 1114112K
  class space    used 6913K, committed 7168K, reserved 1048576K
}
Event: 20.373 GC heap before
{Heap before GC invocations=59 (full 0):
 garbage-first heap   total 167936K, used 142527K [0x00000000c0000000, 0x0000000100000000)
  region size 1024K, 59 young (60416K), 6 survivors (6144K)
 Metaspace       used 49108K, committed 49664K, reserved 1114112K
  class space    used 6913K, committed 7168K, reserved 1048576K
}
Event: 20.378 GC heap after
{Heap after GC invocations=60 (full 0):
 garbage-first heap   total 167936K, used 87892K [0x00000000c0000000, 0x0000000100000000)
  region size 1024K, 8 young (8192K), 8 survivors (8192K)
 Metaspace       used 49108K, committed 49664K, reserved 1114112K
  class space    used 6913K, committed 7168K, reserved 1048576K
}
Event: 20.770 GC heap before
{Heap before GC invocations=60 (full 0):
 garbage-first heap   total 167936K, used 142164K [0x00000000c0000000, 0x0000000100000000)
  region size 1024K, 58 young (59392K), 8 survivors (8192K)
 Metaspace       used 49234K, committed 49792K, reserved 1114112K
  class space    used 6920K, committed 7168K, reserved 1048576K
}
Event: 20.798 GC heap after
{Heap after GC invocations=61 (full 0):
 garbage-first heap   total 180224K, used 120257K [0x00000000c0000000, 0x0000000100000000)
  region size 1024K, 8 young (8192K), 8 survivors (8192K)
 Metaspace       used 49234K, committed 49792K, reserved 1114112K
  class space    used 6920K, committed 7168K, reserved 1048576K
}
Event: 20.933 GC heap before
{Heap before GC invocations=61 (full 0):
 garbage-first heap   total 180224K, used 142785K [0x00000000c0000000, 0x0000000100000000)
  region size 1024K, 31 young (31744K), 8 survivors (8192K)
 Metaspace       used 49238K, committed 49792K, reserved 1114112K
  class space    used 6920K, committed 7168K, reserved 1048576K
}
Event: 20.949 GC heap after
{Heap after GC invocations=62 (full 0):
 garbage-first heap   total 180224K, used 132096K [0x00000000c0000000, 0x0000000100000000)
  region size 1024K, 4 young (4096K), 4 survivors (4096K)
 Metaspace       used 49238K, committed 49792K, reserved 1114112K
  class space    used 6920K, committed 7168K, reserved 1048576K
}
Event: 21.039 GC heap before
{Heap before GC invocations=62 (full 0):
 garbage-first heap   total 180224K, used 147455K [0x00000000c0000000, 0x0000000100000000)
  region size 1024K, 19 young (19456K), 4 survivors (4096K)
 Metaspace       used 49239K, committed 49792K, reserved 1114112K
  class space    used 6920K, committed 7168K, reserved 1048576K
}
Event: 21.051 GC heap after
{Heap after GC invocations=63 (full 0):
 garbage-first heap   total 180224K, used 140684K [0x00000000c0000000, 0x0000000100000000)
  region size 1024K, 3 young (3072K), 3 survivors (3072K)
 Metaspace       used 49239K, committed 49792K, reserved 1114112K
  class space    used 6920K, committed 7168K, reserved 1048576K
}
Event: 21.094 GC heap before
{Heap before GC invocations=63 (full 0):
 garbage-first heap   total 180224K, used 149900K [0x00000000c0000000, 0x0000000100000000)
  region size 1024K, 12 young (12288K), 3 survivors (3072K)
 Metaspace       used 49245K, committed 49792K, reserved 1114112K
  class space    used 6920K, committed 7168K, reserved 1048576K
}
Event: 21.102 GC heap after
{Heap after GC invocations=64 (full 0):
 garbage-first heap   total 301056K, used 145408K [0x00000000c0000000, 0x0000000100000000)
  region size 1024K, 2 young (2048K), 2 survivors (2048K)
 Metaspace       used 49245K, committed 49792K, reserved 1114112K
  class space    used 6920K, committed 7168K, reserved 1048576K
}
Event: 21.401 GC heap before
{Heap before GC invocations=65 (full 0):
 garbage-first heap   total 301056K, used 206848K [0x00000000c0000000, 0x0000000100000000)
  region size 1024K, 65 young (66560K), 2 survivors (2048K)
 Metaspace       used 49287K, committed 49856K, reserved 1114112K
  class space    used 6913K, committed 7168K, reserved 1048576K
}
Event: 21.427 GC heap after
{Heap after GC invocations=66 (full 0):
 garbage-first heap   total 301056K, used 163714K [0x00000000c0000000, 0x0000000100000000)
  region size 1024K, 9 young (9216K), 9 survivors (9216K)
 Metaspace       used 49287K, committed 49856K, reserved 1114112K
  class space    used 6913K, committed 7168K, reserved 1048576K
}
Event: 21.443 GC heap before
{Heap before GC invocations=66 (full 0):
 garbage-first heap   total 301056K, used 168834K [0x00000000c0000000, 0x0000000100000000)
  region size 1024K, 14 young (14336K), 9 survivors (9216K)
 Metaspace       used 49291K, committed 49856K, reserved 1114112K
  class space    used 6913K, committed 7168K, reserved 1048576K
}
Event: 21.456 GC heap after
{Heap after GC invocations=67 (full 0):
 garbage-first heap   total 301056K, used 165661K [0x00000000c0000000, 0x0000000100000000)
  region size 1024K, 2 young (2048K), 2 survivors (2048K)
 Metaspace       used 49291K, committed 49856K, reserved 1114112K
  class space    used 6913K, committed 7168K, reserved 1048576K
}
Event: 21.597 GC heap before
{Heap before GC invocations=67 (full 0):
 garbage-first heap   total 301056K, used 219933K [0x00000000c0000000, 0x0000000100000000)
  region size 1024K, 55 young (56320K), 2 survivors (2048K)
 Metaspace       used 49363K, committed 49984K, reserved 1114112K
  class space    used 6913K, committed 7168K, reserved 1048576K
}
Event: 21.607 GC heap after
{Heap after GC invocations=68 (full 0):
 garbage-first heap   total 301056K, used 174769K [0x00000000c0000000, 0x0000000100000000)
  region size 1024K, 7 young (7168K), 7 survivors (7168K)
 Metaspace       used 49363K, committed 49984K, reserved 1114112K
  class space    used 6913K, committed 7168K, reserved 1048576K
}
Event: 21.715 GC heap before
{Heap before GC invocations=68 (full 0):
 garbage-first heap   total 301056K, used 228017K [0x00000000c0000000, 0x0000000100000000)
  region size 1024K, 58 young (59392K), 7 survivors (7168K)
 Metaspace       used 49414K, committed 49984K, reserved 1114112K
  class space    used 6913K, committed 7168K, reserved 1048576K
}
Event: 21.731 GC heap after
{Heap after GC invocations=69 (full 0):
 garbage-first heap   total 301056K, used 185669K [0x00000000c0000000, 0x0000000100000000)
  region size 1024K, 8 young (8192K), 8 survivors (8192K)
 Metaspace       used 49414K, committed 49984K, reserved 1114112K
  class space    used 6913K, committed 7168K, reserved 1048576K
}
Event: 21.883 GC heap before
{Heap before GC invocations=69 (full 0):
 garbage-first heap   total 301056K, used 233797K [0x00000000c0000000, 0x0000000100000000)
  region size 1024K, 56 young (57344K), 8 survivors (8192K)
 Metaspace       used 49466K, committed 50048K, reserved 1114112K
  class space    used 6915K, committed 7168K, reserved 1048576K
}

