# JRE version: OpenJDK Runtime Environment Temurin-17.0.15+6 (17.0.15+6) (build 17.0.15+6)
# Java VM: OpenJDK 64-Bit Server VM Temurin-17.0.15+6 (17.0.15+6, mixed mode, sharing, tiered, compressed oops, compressed class ptrs, g1 gc, windows-amd64)
GC Precious Log:
 CPUs: 8 total, 8 available
 Memory: 16276M
 Large Page Support: Disabled
 NUMA Support: Disabled
 Compressed Oops: Enabled (32-bit)
 Heap Region Size: 1M
 Heap Min Capacity: 8M
 Heap Initial Capacity: 256M
 Heap Max Capacity: 2G
 Pre-touch: Disabled
 Parallel Workers: 8
 Concurrent Workers: 2
 Concurrent Refinement Workers: 8
 Periodic GC: Disabled
Heap:
 garbage-first heap   total 384000K, used 278974K [0x0000000080000000, 0x0000000100000000)
  region size 1024K, 150 young (153600K), 12 survivors (12288K)
 Metaspace       used 120123K, committed 120768K, reserved 1179648K
  class space    used 15329K, committed 15616K, reserved 1048576K
GC Heap History (20 events):
Event: 49.143 GC heap before
{Heap before GC invocations=115 (full 0):
 garbage-first heap   total 384000K, used 343496K [0x0000000080000000, 0x0000000100000000)
  region size 1024K, 213 young (218112K), 8 survivors (8192K)
 Metaspace       used 52601K, committed 53248K, reserved 1114112K
  class space    used 7088K, committed 7360K, reserved 1048576K
}
Event: 49.147 GC heap after
{Heap after GC invocations=116 (full 0):
 garbage-first heap   total 384000K, used 124436K [0x0000000080000000, 0x0000000100000000)
  region size 1024K, 6 young (6144K), 6 survivors (6144K)
 Metaspace       used 52601K, committed 53248K, reserved 1114112K
  class space    used 7088K, committed 7360K, reserved 1048576K
}
Event: 49.769 GC heap before
{Heap before GC invocations=116 (full 0):
 garbage-first heap   total 384000K, used 337428K [0x0000000080000000, 0x0000000100000000)
  region size 1024K, 214 young (219136K), 6 survivors (6144K)
 Metaspace       used 52609K, committed 53248K, reserved 1114112K
  class space    used 7088K, committed 7360K, reserved 1048576K
}
Event: 49.774 GC heap after
{Heap after GC invocations=117 (full 0):
 garbage-first heap   total 384000K, used 127442K [0x0000000080000000, 0x0000000100000000)
  region size 1024K, 8 young (8192K), 8 survivors (8192K)
 Metaspace       used 52609K, committed 53248K, reserved 1114112K
  class space    used 7088K, committed 7360K, reserved 1048576K
}
Event: 50.323 GC heap before
{Heap before GC invocations=117 (full 0):
 garbage-first heap   total 384000K, used 336338K [0x0000000080000000, 0x0000000100000000)
  region size 1024K, 212 young (217088K), 8 survivors (8192K)
 Metaspace       used 52609K, committed 53248K, reserved 1114112K
  class space    used 7088K, committed 7360K, reserved 1048576K
}
Event: 50.328 GC heap after
{Heap after GC invocations=118 (full 0):
 garbage-first heap   total 384000K, used 130087K [0x0000000080000000, 0x0000000100000000)
  region size 1024K, 10 young (10240K), 10 survivors (10240K)
 Metaspace       used 52609K, committed 53248K, reserved 1114112K
  class space    used 7088K, committed 7360K, reserved 1048576K
}
Event: 50.963 GC heap before
{Heap before GC invocations=118 (full 0):
 garbage-first heap   total 384000K, used 334887K [0x0000000080000000, 0x0000000100000000)
  region size 1024K, 209 young (214016K), 10 survivors (10240K)
 Metaspace       used 52616K, committed 53248K, reserved 1114112K
  class space    used 7089K, committed 7360K, reserved 1048576K
}
Event: 50.967 GC heap after
{Heap after GC invocations=119 (full 0):
 garbage-first heap   total 384000K, used 116908K [0x0000000080000000, 0x0000000100000000)
  region size 1024K, 4 young (4096K), 4 survivors (4096K)
 Metaspace       used 52616K, committed 53248K, reserved 1114112K
  class space    used 7089K, committed 7360K, reserved 1048576K
}
Event: 51.696 GC heap before
{Heap before GC invocations=119 (full 0):
 garbage-first heap   total 384000K, used 345260K [0x0000000080000000, 0x0000000100000000)
  region size 1024K, 220 young (225280K), 4 survivors (4096K)
 Metaspace       used 52632K, committed 53248K, reserved 1114112K
  class space    used 7089K, committed 7360K, reserved 1048576K
}
Event: 51.701 GC heap after
{Heap after GC invocations=120 (full 0):
 garbage-first heap   total 384000K, used 116734K [0x0000000080000000, 0x0000000100000000)
  region size 1024K, 4 young (4096K), 4 survivors (4096K)
 Metaspace       used 52632K, committed 53248K, reserved 1114112K
  class space    used 7089K, committed 7360K, reserved 1048576K
}
Event: 56.176 GC heap before
{Heap before GC invocations=120 (full 0):
 garbage-first heap   total 384000K, used 353278K [0x0000000080000000, 0x0000000100000000)
  region size 1024K, 221 young (226304K), 4 survivors (4096K)
 Metaspace       used 74872K, committed 75520K, reserved 1114112K
  class space    used 10274K, committed 10560K, reserved 1048576K
}
Event: 56.190 GC heap after
{Heap after GC invocations=121 (full 0):
 garbage-first heap   total 384000K, used 138697K [0x0000000080000000, 0x0000000100000000)
  region size 1024K, 18 young (18432K), 18 survivors (18432K)
 Metaspace       used 74872K, committed 75520K, reserved 1114112K
  class space    used 10274K, committed 10560K, reserved 1048576K
}
Event: 56.491 GC heap before
{Heap before GC invocations=121 (full 0):
 garbage-first heap   total 384000K, used 153033K [0x0000000080000000, 0x0000000100000000)
  region size 1024K, 33 young (33792K), 18 survivors (18432K)
 Metaspace       used 76217K, committed 76800K, reserved 1179648K
  class space    used 10427K, committed 10688K, reserved 1048576K
}
Event: 56.504 GC heap after
{Heap after GC invocations=122 (full 0):
 garbage-first heap   total 384000K, used 141496K [0x0000000080000000, 0x0000000100000000)
  region size 1024K, 3 young (3072K), 3 survivors (3072K)
 Metaspace       used 76217K, committed 76800K, reserved 1179648K
  class space    used 10427K, committed 10688K, reserved 1048576K
}
Event: 59.999 GC heap before
{Heap before GC invocations=123 (full 0):
 garbage-first heap   total 384000K, used 313528K [0x0000000080000000, 0x0000000100000000)
  region size 1024K, 183 young (187392K), 3 survivors (3072K)
 Metaspace       used 92475K, committed 93120K, reserved 1179648K
  class space    used 12218K, committed 12544K, reserved 1048576K
}
Event: 60.008 GC heap after
{Heap after GC invocations=124 (full 0):
 garbage-first heap   total 384000K, used 137152K [0x0000000080000000, 0x0000000100000000)
  region size 1024K, 12 young (12288K), 12 survivors (12288K)
 Metaspace       used 92475K, committed 93120K, reserved 1179648K
  class space    used 12218K, committed 12544K, reserved 1048576K
}
Event: 60.136 GC heap before
{Heap before GC invocations=124 (full 0):
 garbage-first heap   total 384000K, used 142272K [0x0000000080000000, 0x0000000100000000)
  region size 1024K, 18 young (18432K), 12 survivors (12288K)
 Metaspace       used 93287K, committed 93952K, reserved 1179648K
  class space    used 12307K, committed 12608K, reserved 1048576K
}
Event: 60.145 GC heap after
{Heap after GC invocations=125 (full 0):
 garbage-first heap   total 384000K, used 130117K [0x0000000080000000, 0x0000000100000000)
  region size 1024K, 2 young (2048K), 2 survivors (2048K)
 Metaspace       used 93287K, committed 93952K, reserved 1179648K
  class space    used 12307K, committed 12608K, reserved 1048576K
}
Event: 63.518 GC heap before
{Heap before GC invocations=125 (full 0):
 garbage-first heap   total 384000K, used 321605K [0x0000000080000000, 0x0000000100000000)
  region size 1024K, 188 young (192512K), 2 survivors (2048K)
 Metaspace       used 109662K, committed 110400K, reserved 1179648K
  class space    used 13974K, committed 14336K, reserved 1048576K
}
Event: 63.528 GC heap after
{Heap after GC invocations=126 (full 0):
 garbage-first heap   total 384000K, used 140734K [0x0000000080000000, 0x0000000100000000)
  region size 1024K, 12 young (12288K), 12 survivors (12288K)
 Metaspace       used 109662K, committed 110400K, reserved 1179648K
  class space    used 13974K, committed 14336K, reserved 1048576K
}

