# JRE version: OpenJDK Runtime Environment Temurin-17.0.15+6 (17.0.15+6) (build 17.0.15+6)
# Java VM: OpenJDK 64-Bit Server VM Temurin-17.0.15+6 (17.0.15+6, mixed mode, sharing, tiered, compressed oops, compressed class ptrs, g1 gc, windows-amd64)
GC Precious Log:
 CPUs: 8 total, 8 available
 Memory: 16276M
 Large Page Support: Disabled
 NUMA Support: Disabled
 Compressed Oops: Enabled (32-bit)
 Heap Region Size: 1M
 Heap Min Capacity: 8M
 Heap Initial Capacity: 256M
 Heap Max Capacity: 2G
 Pre-touch: Disabled
 Parallel Workers: 8
 Concurrent Workers: 2
 Concurrent Refinement Workers: 8
 Periodic GC: Disabled
Heap:
 garbage-first heap   total 190464K, used 105414K [0x0000000080000000, 0x0000000100000000)
  region size 1024K, 43 young (44032K), 5 survivors (5120K)
 Metaspace       used 39238K, committed 39744K, reserved 1114112K
  class space    used 5422K, committed 5696K, reserved 1048576K
GC Heap History (20 events):
Event: 20.646 GC heap before
{Heap before GC invocations=45 (full 0):
 garbage-first heap   total 158720K, used 137629K [0x0000000080000000, 0x0000000100000000)
  region size 1024K, 75 young (76800K), 1 survivors (1024K)
 Metaspace       used 39232K, committed 39744K, reserved 1114112K
  class space    used 5422K, committed 5696K, reserved 1048576K
}
Event: 20.648 GC heap after
{Heap after GC invocations=46 (full 0):
 garbage-first heap   total 158720K, used 62601K [0x0000000080000000, 0x0000000100000000)
  region size 1024K, 2 young (2048K), 2 survivors (2048K)
 Metaspace       used 39232K, committed 39744K, reserved 1114112K
  class space    used 5422K, committed 5696K, reserved 1048576K
}
Event: 21.025 GC heap before
{Heap before GC invocations=46 (full 0):
 garbage-first heap   total 158720K, used 137353K [0x0000000080000000, 0x0000000100000000)
  region size 1024K, 75 young (76800K), 2 survivors (2048K)
 Metaspace       used 39232K, committed 39744K, reserved 1114112K
  class space    used 5422K, committed 5696K, reserved 1048576K
}
Event: 21.028 GC heap after
{Heap after GC invocations=47 (full 0):
 garbage-first heap   total 158720K, used 62558K [0x0000000080000000, 0x0000000100000000)
  region size 1024K, 2 young (2048K), 2 survivors (2048K)
 Metaspace       used 39232K, committed 39744K, reserved 1114112K
  class space    used 5422K, committed 5696K, reserved 1048576K
}
Event: 21.376 GC heap before
{Heap before GC invocations=47 (full 0):
 garbage-first heap   total 158720K, used 137310K [0x0000000080000000, 0x0000000100000000)
  region size 1024K, 75 young (76800K), 2 survivors (2048K)
 Metaspace       used 39233K, committed 39744K, reserved 1114112K
  class space    used 5422K, committed 5696K, reserved 1048576K
}
Event: 21.378 GC heap after
{Heap after GC invocations=48 (full 0):
 garbage-first heap   total 158720K, used 63287K [0x0000000080000000, 0x0000000100000000)
  region size 1024K, 3 young (3072K), 3 survivors (3072K)
 Metaspace       used 39233K, committed 39744K, reserved 1114112K
  class space    used 5422K, committed 5696K, reserved 1048576K
}
Event: 21.702 GC heap before
{Heap before GC invocations=48 (full 0):
 garbage-first heap   total 158720K, used 137015K [0x0000000080000000, 0x0000000100000000)
  region size 1024K, 75 young (76800K), 3 survivors (3072K)
 Metaspace       used 39235K, committed 39744K, reserved 1114112K
  class space    used 5422K, committed 5696K, reserved 1048576K
}
Event: 21.704 GC heap after
{Heap after GC invocations=49 (full 0):
 garbage-first heap   total 158720K, used 64110K [0x0000000080000000, 0x0000000100000000)
  region size 1024K, 4 young (4096K), 4 survivors (4096K)
 Metaspace       used 39235K, committed 39744K, reserved 1114112K
  class space    used 5422K, committed 5696K, reserved 1048576K
}
Event: 22.048 GC heap before
{Heap before GC invocations=49 (full 0):
 garbage-first heap   total 158720K, used 135790K [0x0000000080000000, 0x0000000100000000)
  region size 1024K, 74 young (75776K), 4 survivors (4096K)
 Metaspace       used 39236K, committed 39744K, reserved 1114112K
  class space    used 5422K, committed 5696K, reserved 1048576K
}
Event: 22.051 GC heap after
{Heap after GC invocations=50 (full 0):
 garbage-first heap   total 158720K, used 64731K [0x0000000080000000, 0x0000000100000000)
  region size 1024K, 4 young (4096K), 4 survivors (4096K)
 Metaspace       used 39236K, committed 39744K, reserved 1114112K
  class space    used 5422K, committed 5696K, reserved 1048576K
}
Event: 22.310 GC heap before
{Heap before GC invocations=50 (full 0):
 garbage-first heap   total 158720K, used 136411K [0x0000000080000000, 0x0000000100000000)
  region size 1024K, 74 young (75776K), 4 survivors (4096K)
 Metaspace       used 39236K, committed 39744K, reserved 1114112K
  class space    used 5422K, committed 5696K, reserved 1048576K
}
Event: 22.313 GC heap after
{Heap after GC invocations=51 (full 0):
 garbage-first heap   total 158720K, used 65601K [0x0000000080000000, 0x0000000100000000)
  region size 1024K, 5 young (5120K), 5 survivors (5120K)
 Metaspace       used 39236K, committed 39744K, reserved 1114112K
  class space    used 5422K, committed 5696K, reserved 1048576K
}
Event: 22.555 GC heap before
{Heap before GC invocations=51 (full 0):
 garbage-first heap   total 158720K, used 135233K [0x0000000080000000, 0x0000000100000000)
  region size 1024K, 73 young (74752K), 5 survivors (5120K)
 Metaspace       used 39236K, committed 39744K, reserved 1114112K
  class space    used 5422K, committed 5696K, reserved 1048576K
}
Event: 22.559 GC heap after
{Heap after GC invocations=52 (full 0):
 garbage-first heap   total 158720K, used 66253K [0x0000000080000000, 0x0000000100000000)
  region size 1024K, 6 young (6144K), 6 survivors (6144K)
 Metaspace       used 39236K, committed 39744K, reserved 1114112K
  class space    used 5422K, committed 5696K, reserved 1048576K
}
Event: 23.519 GC heap before
{Heap before GC invocations=52 (full 0):
 garbage-first heap   total 158720K, used 133837K [0x0000000080000000, 0x0000000100000000)
  region size 1024K, 72 young (73728K), 6 survivors (6144K)
 Metaspace       used 39237K, committed 39744K, reserved 1114112K
  class space    used 5422K, committed 5696K, reserved 1048576K
}
Event: 23.522 GC heap after
{Heap after GC invocations=53 (full 0):
 garbage-first heap   total 158720K, used 66930K [0x0000000080000000, 0x0000000100000000)
  region size 1024K, 6 young (6144K), 6 survivors (6144K)
 Metaspace       used 39237K, committed 39744K, reserved 1114112K
  class space    used 5422K, committed 5696K, reserved 1048576K
}
Event: 23.807 GC heap before
{Heap before GC invocations=53 (full 0):
 garbage-first heap   total 158720K, used 134514K [0x0000000080000000, 0x0000000100000000)
  region size 1024K, 72 young (73728K), 6 survivors (6144K)
 Metaspace       used 39237K, committed 39744K, reserved 1114112K
  class space    used 5422K, committed 5696K, reserved 1048576K
}
Event: 23.811 GC heap after
{Heap after GC invocations=54 (full 0):
 garbage-first heap   total 158720K, used 67394K [0x0000000080000000, 0x0000000100000000)
  region size 1024K, 5 young (5120K), 5 survivors (5120K)
 Metaspace       used 39237K, committed 39744K, reserved 1114112K
  class space    used 5422K, committed 5696K, reserved 1048576K
}
Event: 24.054 GC heap before
{Heap before GC invocations=54 (full 0):
 garbage-first heap   total 158720K, used 136002K [0x0000000080000000, 0x0000000100000000)
  region size 1024K, 72 young (73728K), 5 survivors (5120K)
 Metaspace       used 39237K, committed 39744K, reserved 1114112K
  class space    used 5422K, committed 5696K, reserved 1048576K
}
Event: 24.058 GC heap after
{Heap after GC invocations=55 (full 0):
 garbage-first heap   total 190464K, used 67526K [0x0000000080000000, 0x0000000100000000)
  region size 1024K, 5 young (5120K), 5 survivors (5120K)
 Metaspace       used 39237K, committed 39744K, reserved 1114112K
  class space    used 5422K, committed 5696K, reserved 1048576K
}

