# JRE version: OpenJDK Runtime Environment Temurin-17.0.15+6 (17.0.15+6) (build 17.0.15+6)
# Java VM: OpenJDK 64-Bit Server VM Temurin-17.0.15+6 (17.0.15+6, mixed mode, sharing, tiered, compressed oops, compressed class ptrs, g1 gc, windows-amd64)
GC Precious Log:
 CPUs: 8 total, 8 available
 Memory: 16276M
 Large Page Support: Disabled
 NUMA Support: Disabled
 Compressed Oops: Enabled (32-bit)
 Heap Region Size: 1M
 Heap Min Capacity: 8M
 Heap Initial Capacity: 256M
 Heap Max Capacity: 2G
 Pre-touch: Disabled
 Parallel Workers: 8
 Concurrent Workers: 2
 Concurrent Refinement Workers: 8
 Periodic GC: Disabled
Heap:
 garbage-first heap   total 434176K, used 233952K [0x0000000080000000, 0x0000000100000000)
  region size 1024K, 16 young (16384K), 16 survivors (16384K)
 Metaspace       used 106381K, committed 107264K, reserved 1179648K
  class space    used 15197K, committed 15616K, reserved 1048576K
GC Heap History (20 events):
Event: 22.893 GC heap after
{Heap after GC invocations=48 (full 0):
 garbage-first heap   total 199680K, used 103732K [0x0000000080000000, 0x0000000100000000)
  region size 1024K, 5 young (5120K), 5 survivors (5120K)
 Metaspace       used 88681K, committed 89408K, reserved 1179648K
  class space    used 12529K, committed 12928K, reserved 1048576K
}
Event: 24.148 GC heap before
{Heap before GC invocations=48 (full 0):
 garbage-first heap   total 199680K, used 168244K [0x0000000080000000, 0x0000000100000000)
  region size 1024K, 64 young (65536K), 5 survivors (5120K)
 Metaspace       used 90296K, committed 91072K, reserved 1179648K
  class space    used 12644K, committed 13056K, reserved 1048576K
}
Event: 24.158 GC heap after
{Heap after GC invocations=49 (full 0):
 garbage-first heap   total 199680K, used 108034K [0x0000000080000000, 0x0000000100000000)
  region size 1024K, 5 young (5120K), 5 survivors (5120K)
 Metaspace       used 90296K, committed 91072K, reserved 1179648K
  class space    used 12644K, committed 13056K, reserved 1048576K
}
Event: 24.849 GC heap before
{Heap before GC invocations=49 (full 0):
 garbage-first heap   total 199680K, used 164354K [0x0000000080000000, 0x0000000100000000)
  region size 1024K, 61 young (62464K), 5 survivors (5120K)
 Metaspace       used 91849K, committed 92608K, reserved 1179648K
  class space    used 12872K, committed 13248K, reserved 1048576K
}
Event: 24.858 GC heap after
{Heap after GC invocations=50 (full 0):
 garbage-first heap   total 199680K, used 113484K [0x0000000080000000, 0x0000000100000000)
  region size 1024K, 7 young (7168K), 7 survivors (7168K)
 Metaspace       used 91849K, committed 92608K, reserved 1179648K
  class space    used 12872K, committed 13248K, reserved 1048576K
}
Event: 24.935 GC heap before
{Heap before GC invocations=50 (full 0):
 garbage-first heap   total 199680K, used 163660K [0x0000000080000000, 0x0000000100000000)
  region size 1024K, 57 young (58368K), 7 survivors (7168K)
 Metaspace       used 92281K, committed 93056K, reserved 1179648K
  class space    used 12919K, committed 13312K, reserved 1048576K
}
Event: 24.942 GC heap after
{Heap after GC invocations=51 (full 0):
 garbage-first heap   total 199680K, used 123172K [0x0000000080000000, 0x0000000100000000)
  region size 1024K, 8 young (8192K), 8 survivors (8192K)
 Metaspace       used 92281K, committed 93056K, reserved 1179648K
  class space    used 12919K, committed 13312K, reserved 1048576K
}
Event: 25.187 GC heap before
{Heap before GC invocations=51 (full 0):
 garbage-first heap   total 199680K, used 163108K [0x0000000080000000, 0x0000000100000000)
  region size 1024K, 48 young (49152K), 8 survivors (8192K)
 Metaspace       used 93495K, committed 94272K, reserved 1179648K
  class space    used 13094K, committed 13504K, reserved 1048576K
}
Event: 25.191 GC heap after
{Heap after GC invocations=52 (full 0):
 garbage-first heap   total 199680K, used 130825K [0x0000000080000000, 0x0000000100000000)
  region size 1024K, 6 young (6144K), 6 survivors (6144K)
 Metaspace       used 93495K, committed 94272K, reserved 1179648K
  class space    used 13094K, committed 13504K, reserved 1048576K
}
Event: 25.601 GC heap before
{Heap before GC invocations=52 (full 0):
 garbage-first heap   total 199680K, used 163593K [0x0000000080000000, 0x0000000100000000)
  region size 1024K, 39 young (39936K), 6 survivors (6144K)
 Metaspace       used 96028K, committed 96768K, reserved 1179648K
  class space    used 13498K, committed 13888K, reserved 1048576K
}
Event: 25.609 GC heap after
{Heap after GC invocations=53 (full 0):
 garbage-first heap   total 199680K, used 135367K [0x0000000080000000, 0x0000000100000000)
  region size 1024K, 4 young (4096K), 4 survivors (4096K)
 Metaspace       used 96028K, committed 96768K, reserved 1179648K
  class space    used 13498K, committed 13888K, reserved 1048576K
}
Event: 25.747 GC heap before
{Heap before GC invocations=53 (full 0):
 garbage-first heap   total 199680K, used 165063K [0x0000000080000000, 0x0000000100000000)
  region size 1024K, 34 young (34816K), 4 survivors (4096K)
 Metaspace       used 96777K, committed 97536K, reserved 1179648K
  class space    used 13601K, committed 14016K, reserved 1048576K
}
Event: 25.760 GC heap after
{Heap after GC invocations=54 (full 0):
 garbage-first heap   total 434176K, used 140731K [0x0000000080000000, 0x0000000100000000)
  region size 1024K, 5 young (5120K), 5 survivors (5120K)
 Metaspace       used 96777K, committed 97536K, reserved 1179648K
  class space    used 13601K, committed 14016K, reserved 1048576K
}
Event: 26.409 GC heap before
{Heap before GC invocations=54 (full 0):
 garbage-first heap   total 434176K, used 324027K [0x0000000080000000, 0x0000000100000000)
  region size 1024K, 185 young (189440K), 5 survivors (5120K)
 Metaspace       used 100888K, committed 101696K, reserved 1179648K
  class space    used 14285K, committed 14656K, reserved 1048576K
}
Event: 26.440 GC heap after
{Heap after GC invocations=55 (full 0):
 garbage-first heap   total 434176K, used 171008K [0x0000000080000000, 0x0000000100000000)
  region size 1024K, 24 young (24576K), 24 survivors (24576K)
 Metaspace       used 100888K, committed 101696K, reserved 1179648K
  class space    used 14285K, committed 14656K, reserved 1048576K
}
Event: 26.753 GC heap before
{Heap before GC invocations=55 (full 0):
 garbage-first heap   total 434176K, used 315392K [0x0000000080000000, 0x0000000100000000)
  region size 1024K, 166 young (169984K), 24 survivors (24576K)
 Metaspace       used 102323K, committed 103168K, reserved 1179648K
  class space    used 14518K, committed 14912K, reserved 1048576K
}
Event: 26.804 GC heap after
{Heap after GC invocations=56 (full 0):
 garbage-first heap   total 434176K, used 196029K [0x0000000080000000, 0x0000000100000000)
  region size 1024K, 21 young (21504K), 21 survivors (21504K)
 Metaspace       used 102323K, committed 103168K, reserved 1179648K
  class space    used 14518K, committed 14912K, reserved 1048576K
}
Event: 27.253 GC heap before
{Heap before GC invocations=56 (full 0):
 garbage-first heap   total 434176K, used 327101K [0x0000000080000000, 0x0000000100000000)
  region size 1024K, 150 young (153600K), 21 survivors (21504K)
 Metaspace       used 105502K, committed 106304K, reserved 1179648K
  class space    used 15089K, committed 15488K, reserved 1048576K
}
Event: 27.290 GC heap after
{Heap after GC invocations=57 (full 0):
 garbage-first heap   total 434176K, used 217600K [0x0000000080000000, 0x0000000100000000)
  region size 1024K, 19 young (19456K), 19 survivors (19456K)
 Metaspace       used 105502K, committed 106304K, reserved 1179648K
  class space    used 15089K, committed 15488K, reserved 1048576K
}
Event: 27.761 GC heap before
{Heap before GC invocations=57 (full 0):
 garbage-first heap   total 434176K, used 338432K [0x0000000080000000, 0x0000000100000000)
  region size 1024K, 137 young (140288K), 19 survivors (19456K)
 Metaspace       used 106381K, committed 107264K, reserved 1179648K
  class space    used 15197K, committed 15616K, reserved 1048576K
}

