# JRE version: OpenJDK Runtime Environment Temurin-17.0.15+6 (17.0.15+6) (build 17.0.15+6)
# Java VM: OpenJDK 64-Bit Server VM Temurin-17.0.15+6 (17.0.15+6, mixed mode, sharing, tiered, compressed oops, compressed class ptrs, g1 gc, windows-amd64)
GC Precious Log:
 CPUs: 8 total, 8 available
 Memory: 16276M
 Large Page Support: Disabled
 NUMA Support: Disabled
 Compressed Oops: Enabled (32-bit)
 Heap Region Size: 1M
 Heap Min Capacity: 8M
 Heap Initial Capacity: 256M
 Heap Max Capacity: 2G
 Pre-touch: Disabled
 Parallel Workers: 8
 Concurrent Workers: 2
 Concurrent Refinement Workers: 8
 Periodic GC: Disabled
Heap:
 garbage-first heap   total 399360K, used 328529K [0x0000000080000000, 0x0000000100000000)
  region size 1024K, 13 young (13312K), 3 survivors (3072K)
 Metaspace       used 194198K, committed 195520K, reserved 1245184K
  class space    used 24674K, committed 25344K, reserved 1048576K
GC Heap History (20 events):
Event: 177.512 GC heap before
{Heap before GC invocations=129 (full 0):
 garbage-first heap   total 399360K, used 353513K [0x0000000080000000, 0x0000000100000000)
  region size 1024K, 56 young (57344K), 7 survivors (7168K)
 Metaspace       used 192016K, committed 193280K, reserved 1245184K
  class space    used 24499K, committed 25152K, reserved 1048576K
}
Event: 177.529 GC heap after
{Heap after GC invocations=130 (full 0):
 garbage-first heap   total 399360K, used 319905K [0x0000000080000000, 0x0000000100000000)
  region size 1024K, 7 young (7168K), 7 survivors (7168K)
 Metaspace       used 192016K, committed 193280K, reserved 1245184K
  class space    used 24499K, committed 25152K, reserved 1048576K
}
Event: 177.970 GC heap before
{Heap before GC invocations=130 (full 0):
 garbage-first heap   total 399360K, used 340385K [0x0000000080000000, 0x0000000100000000)
  region size 1024K, 28 young (28672K), 7 survivors (7168K)
 Metaspace       used 192255K, committed 193536K, reserved 1245184K
  class space    used 24522K, committed 25152K, reserved 1048576K
}
Event: 177.978 GC heap after
{Heap after GC invocations=131 (full 0):
 garbage-first heap   total 399360K, used 326522K [0x0000000080000000, 0x0000000100000000)
  region size 1024K, 4 young (4096K), 4 survivors (4096K)
 Metaspace       used 192255K, committed 193536K, reserved 1245184K
  class space    used 24522K, committed 25152K, reserved 1048576K
}
Event: 178.463 GC heap before
{Heap before GC invocations=131 (full 0):
 garbage-first heap   total 399360K, used 351098K [0x0000000080000000, 0x0000000100000000)
  region size 1024K, 21 young (21504K), 4 survivors (4096K)
 Metaspace       used 192417K, committed 193664K, reserved 1245184K
  class space    used 24533K, committed 25152K, reserved 1048576K
}
Event: 178.475 GC heap after
{Heap after GC invocations=132 (full 0):
 garbage-first heap   total 399360K, used 330499K [0x0000000080000000, 0x0000000100000000)
  region size 1024K, 3 young (3072K), 3 survivors (3072K)
 Metaspace       used 192417K, committed 193664K, reserved 1245184K
  class space    used 24533K, committed 25152K, reserved 1048576K
}
Event: 178.706 GC heap before
{Heap before GC invocations=132 (full 0):
 garbage-first heap   total 399360K, used 345859K [0x0000000080000000, 0x0000000100000000)
  region size 1024K, 19 young (19456K), 3 survivors (3072K)
 Metaspace       used 192433K, committed 193728K, reserved 1245184K
  class space    used 24533K, committed 25152K, reserved 1048576K
}
Event: 178.717 GC heap after
{Heap after GC invocations=133 (full 0):
 garbage-first heap   total 399360K, used 334004K [0x0000000080000000, 0x0000000100000000)
  region size 1024K, 3 young (3072K), 3 survivors (3072K)
 Metaspace       used 192433K, committed 193728K, reserved 1245184K
  class space    used 24533K, committed 25152K, reserved 1048576K
}
Event: 178.975 GC heap before
{Heap before GC invocations=133 (full 0):
 garbage-first heap   total 399360K, used 349364K [0x0000000080000000, 0x0000000100000000)
  region size 1024K, 19 young (19456K), 3 survivors (3072K)
 Metaspace       used 192489K, committed 193728K, reserved 1245184K
  class space    used 24539K, committed 25152K, reserved 1048576K
}
Event: 178.981 GC heap after
{Heap after GC invocations=134 (full 0):
 garbage-first heap   total 399360K, used 334916K [0x0000000080000000, 0x0000000100000000)
  region size 1024K, 2 young (2048K), 2 survivors (2048K)
 Metaspace       used 192489K, committed 193728K, reserved 1245184K
  class space    used 24539K, committed 25152K, reserved 1048576K
}
Event: 179.382 GC heap before
{Heap before GC invocations=134 (full 0):
 garbage-first heap   total 399360K, used 367684K [0x0000000080000000, 0x0000000100000000)
  region size 1024K, 17 young (17408K), 2 survivors (2048K)
 Metaspace       used 192517K, committed 193792K, reserved 1245184K
  class space    used 24542K, committed 25152K, reserved 1048576K
}
Event: 179.392 GC heap after
{Heap after GC invocations=135 (full 0):
 garbage-first heap   total 399360K, used 350084K [0x0000000080000000, 0x0000000100000000)
  region size 1024K, 3 young (3072K), 3 survivors (3072K)
 Metaspace       used 192517K, committed 193792K, reserved 1245184K
  class space    used 24542K, committed 25152K, reserved 1048576K
}
Event: 179.395 GC heap before
{Heap before GC invocations=135 (full 0):
 garbage-first heap   total 399360K, used 355204K [0x0000000080000000, 0x0000000100000000)
  region size 1024K, 4 young (4096K), 3 survivors (3072K)
 Metaspace       used 192517K, committed 193792K, reserved 1245184K
  class space    used 24542K, committed 25152K, reserved 1048576K
}
Event: 179.401 GC heap after
{Heap after GC invocations=136 (full 0):
 garbage-first heap   total 399360K, used 347677K [0x0000000080000000, 0x0000000100000000)
  region size 1024K, 1 young (1024K), 1 survivors (1024K)
 Metaspace       used 192517K, committed 193792K, reserved 1245184K
  class space    used 24542K, committed 25152K, reserved 1048576K
}
Event: 179.631 GC heap before
{Heap before GC invocations=136 (full 0):
 garbage-first heap   total 399360K, used 370205K [0x0000000080000000, 0x0000000100000000)
  region size 1024K, 19 young (19456K), 1 survivors (1024K)
 Metaspace       used 192797K, committed 194112K, reserved 1245184K
  class space    used 24568K, committed 25216K, reserved 1048576K
}
Event: 179.634 GC heap after
{Heap after GC invocations=137 (full 0):
 garbage-first heap   total 399360K, used 350845K [0x0000000080000000, 0x0000000100000000)
  region size 1024K, 3 young (3072K), 3 survivors (3072K)
 Metaspace       used 192797K, committed 194112K, reserved 1245184K
  class space    used 24568K, committed 25216K, reserved 1048576K
}
Event: 179.694 GC heap before
{Heap before GC invocations=137 (full 0):
 garbage-first heap   total 399360K, used 366205K [0x0000000080000000, 0x0000000100000000)
  region size 1024K, 19 young (19456K), 3 survivors (3072K)
 Metaspace       used 192849K, committed 194176K, reserved 1245184K
  class space    used 24574K, committed 25216K, reserved 1048576K
}
Event: 179.699 GC heap after
{Heap after GC invocations=138 (full 0):
 garbage-first heap   total 399360K, used 354379K [0x0000000080000000, 0x0000000100000000)
  region size 1024K, 3 young (3072K), 3 survivors (3072K)
 Metaspace       used 192849K, committed 194176K, reserved 1245184K
  class space    used 24574K, committed 25216K, reserved 1048576K
}
Event: 179.837 GC heap before
{Heap before GC invocations=138 (full 0):
 garbage-first heap   total 399360K, used 369739K [0x0000000080000000, 0x0000000100000000)
  region size 1024K, 19 young (19456K), 3 survivors (3072K)
 Metaspace       used 193431K, committed 194752K, reserved 1245184K
  class space    used 24619K, committed 25280K, reserved 1048576K
}
Event: 179.845 GC heap after
{Heap after GC invocations=139 (full 0):
 garbage-first heap   total 399360K, used 357201K [0x0000000080000000, 0x0000000100000000)
  region size 1024K, 3 young (3072K), 3 survivors (3072K)
 Metaspace       used 193431K, committed 194752K, reserved 1245184K
  class space    used 24619K, committed 25280K, reserved 1048576K
}

