# JRE version: OpenJDK Runtime Environment Temurin-17.0.15+6 (17.0.15+6) (build 17.0.15+6)
# Java VM: OpenJDK 64-Bit Server VM Temurin-17.0.15+6 (17.0.15+6, mixed mode, sharing, tiered, compressed oops, compressed class ptrs, g1 gc, windows-amd64)
GC Precious Log:
 CPUs: 8 total, 8 available
 Memory: 16276M
 Large Page Support: Disabled
 NUMA Support: Disabled
 Compressed Oops: Enabled (Zero based)
 Heap Region Size: 2M
 Heap Min Capacity: 8M
 Heap Initial Capacity: 256M
 Heap Max Capacity: 4G
 Pre-touch: Disabled
 Parallel Workers: 8
 Concurrent Workers: 2
 Concurrent Refinement Workers: 8
 Periodic GC: Disabled
Heap:
 garbage-first heap   total 268288K, used 91560K [0x0000000700000000, 0x0000000800000000)
  region size 2048K, 4 young (8192K), 4 survivors (8192K)
 Metaspace       used 48575K, committed 49152K, reserved 1114112K
  class space    used 6848K, committed 7104K, reserved 1048576K
GC Heap History (20 events):
Event: 78.702 GC heap after
{Heap after GC invocations=22 (full 0):
 garbage-first heap   total 122880K, used 74992K [0x0000000700000000, 0x0000000800000000)
  region size 2048K, 1 young (2048K), 1 survivors (2048K)
 Metaspace       used 47349K, committed 47872K, reserved 1114112K
  class space    used 6746K, committed 7040K, reserved 1048576K
}
Event: 78.973 GC heap before
{Heap before GC invocations=22 (full 0):
 garbage-first heap   total 122880K, used 95472K [0x0000000700000000, 0x0000000800000000)
  region size 2048K, 12 young (24576K), 1 survivors (2048K)
 Metaspace       used 47377K, committed 48000K, reserved 1114112K
  class space    used 6748K, committed 7040K, reserved 1048576K
}
Event: 79.006 GC heap after
{Heap after GC invocations=23 (full 0):
 garbage-first heap   total 256000K, used 81443K [0x0000000700000000, 0x0000000800000000)
  region size 2048K, 2 young (4096K), 2 survivors (4096K)
 Metaspace       used 47377K, committed 48000K, reserved 1114112K
  class space    used 6748K, committed 7040K, reserved 1048576K
}
Event: 79.773 GC heap before
{Heap before GC invocations=24 (full 0):
 garbage-first heap   total 256000K, used 85539K [0x0000000700000000, 0x0000000800000000)
  region size 2048K, 5 young (10240K), 2 survivors (4096K)
 Metaspace       used 47572K, committed 48128K, reserved 1114112K
  class space    used 6770K, committed 7040K, reserved 1048576K
}
Event: 79.786 GC heap after
{Heap after GC invocations=25 (full 0):
 garbage-first heap   total 256000K, used 82124K [0x0000000700000000, 0x0000000800000000)
  region size 2048K, 3 young (6144K), 3 survivors (6144K)
 Metaspace       used 47572K, committed 48128K, reserved 1114112K
  class space    used 6770K, committed 7040K, reserved 1048576K
}
Event: 82.640 GC heap before
{Heap before GC invocations=26 (full 0):
 garbage-first heap   total 256000K, used 170188K [0x0000000700000000, 0x0000000800000000)
  region size 2048K, 45 young (92160K), 3 survivors (6144K)
 Metaspace       used 48279K, committed 48832K, reserved 1114112K
  class space    used 6825K, committed 7104K, reserved 1048576K
}
Event: 82.655 GC heap after
{Heap after GC invocations=27 (full 0):
 garbage-first heap   total 256000K, used 84985K [0x0000000700000000, 0x0000000800000000)
  region size 2048K, 3 young (6144K), 3 survivors (6144K)
 Metaspace       used 48279K, committed 48832K, reserved 1114112K
  class space    used 6825K, committed 7104K, reserved 1048576K
}
Event: 84.659 GC heap before
{Heap before GC invocations=27 (full 0):
 garbage-first heap   total 256000K, used 177145K [0x0000000700000000, 0x0000000800000000)
  region size 2048K, 48 young (98304K), 3 survivors (6144K)
 Metaspace       used 48456K, committed 49024K, reserved 1114112K
  class space    used 6847K, committed 7104K, reserved 1048576K
}
Event: 84.668 GC heap after
{Heap after GC invocations=28 (full 0):
 garbage-first heap   total 256000K, used 85279K [0x0000000700000000, 0x0000000800000000)
  region size 2048K, 3 young (6144K), 3 survivors (6144K)
 Metaspace       used 48456K, committed 49024K, reserved 1114112K
  class space    used 6847K, committed 7104K, reserved 1048576K
}
Event: 85.835 GC heap before
{Heap before GC invocations=29 (full 0):
 garbage-first heap   total 256000K, used 183583K [0x0000000700000000, 0x0000000800000000)
  region size 2048K, 51 young (104448K), 3 survivors (6144K)
 Metaspace       used 48463K, committed 49024K, reserved 1114112K
  class space    used 6847K, committed 7104K, reserved 1048576K
}
Event: 85.844 GC heap after
{Heap after GC invocations=30 (full 0):
 garbage-first heap   total 256000K, used 86197K [0x0000000700000000, 0x0000000800000000)
  region size 2048K, 4 young (8192K), 4 survivors (8192K)
 Metaspace       used 48463K, committed 49024K, reserved 1114112K
  class space    used 6847K, committed 7104K, reserved 1048576K
}
Event: 87.055 GC heap before
{Heap before GC invocations=30 (full 0):
 garbage-first heap   total 256000K, used 190645K [0x0000000700000000, 0x0000000800000000)
  region size 2048K, 55 young (112640K), 4 survivors (8192K)
 Metaspace       used 48495K, committed 49024K, reserved 1114112K
  class space    used 6847K, committed 7104K, reserved 1048576K
}
Event: 87.069 GC heap after
{Heap after GC invocations=31 (full 0):
 garbage-first heap   total 256000K, used 87275K [0x0000000700000000, 0x0000000800000000)
  region size 2048K, 4 young (8192K), 4 survivors (8192K)
 Metaspace       used 48495K, committed 49024K, reserved 1114112K
  class space    used 6847K, committed 7104K, reserved 1048576K
}
Event: 88.539 GC heap before
{Heap before GC invocations=32 (full 0):
 garbage-first heap   total 256000K, used 195819K [0x0000000700000000, 0x0000000800000000)
  region size 2048K, 57 young (116736K), 4 survivors (8192K)
 Metaspace       used 48557K, committed 49152K, reserved 1114112K
  class space    used 6848K, committed 7104K, reserved 1048576K
}
Event: 88.558 GC heap after
{Heap after GC invocations=33 (full 0):
 garbage-first heap   total 256000K, used 87924K [0x0000000700000000, 0x0000000800000000)
  region size 2048K, 5 young (10240K), 5 survivors (10240K)
 Metaspace       used 48557K, committed 49152K, reserved 1114112K
  class space    used 6848K, committed 7104K, reserved 1048576K
}
Event: 89.693 GC heap before
{Heap before GC invocations=33 (full 0):
 garbage-first heap   total 256000K, used 200564K [0x0000000700000000, 0x0000000800000000)
  region size 2048K, 60 young (122880K), 5 survivors (10240K)
 Metaspace       used 48566K, committed 49152K, reserved 1114112K
  class space    used 6848K, committed 7104K, reserved 1048576K
}
Event: 89.715 GC heap after
{Heap after GC invocations=34 (full 0):
 garbage-first heap   total 256000K, used 89029K [0x0000000700000000, 0x0000000800000000)
  region size 2048K, 5 young (10240K), 5 survivors (10240K)
 Metaspace       used 48566K, committed 49152K, reserved 1114112K
  class space    used 6848K, committed 7104K, reserved 1048576K
}
Event: 91.513 GC heap before
{Heap before GC invocations=35 (full 0):
 garbage-first heap   total 256000K, used 207813K [0x0000000700000000, 0x0000000800000000)
  region size 2048K, 63 young (129024K), 5 survivors (10240K)
 Metaspace       used 48567K, committed 49152K, reserved 1114112K
  class space    used 6848K, committed 7104K, reserved 1048576K
}
Event: 91.636 GC heap after
{Heap after GC invocations=36 (full 0):
 garbage-first heap   total 256000K, used 90240K [0x0000000700000000, 0x0000000800000000)
  region size 2048K, 5 young (10240K), 5 survivors (10240K)
 Metaspace       used 48567K, committed 49152K, reserved 1114112K
  class space    used 6848K, committed 7104K, reserved 1048576K
}
Event: 93.229 GC heap before
{Heap before GC invocations=36 (full 0):
 garbage-first heap   total 256000K, used 209024K [0x0000000700000000, 0x0000000800000000)
  region size 2048K, 63 young (129024K), 5 survivors (10240K)
 Metaspace       used 48575K, committed 49152K, reserved 1114112K
  class space    used 6848K, committed 7104K, reserved 1048576K
}

